22:11:04.911 INFO - Selenium build info: version: '3.3.1', revision: '5234b32'
22:11:04.911 INFO - Launching a standalone Selenium Server
2017-04-08 22:11:04.927:INFO::main: Logging initialized @285ms to org.seleniumhq.jetty9.util.log.StdErrLog
22:11:04.990 INFO - Driver class not found: com.opera.core.systems.OperaDriver
22:11:04.990 INFO - Driver provider com.opera.core.systems.OperaDriver registration is skipped:
Unable to create new instances on this machine.
22:11:04.990 INFO - Driver class not found: com.opera.core.systems.OperaDriver
22:11:04.990 INFO - Driver provider com.opera.core.systems.OperaDriver is not registered
22:11:05.005 INFO - Driver provider org.openqa.selenium.safari.SafariDriver registration is skipped:
 registration capabilities Capabilities [{browserName=safari, version=, platform=MAC}] does not match the current platform WIN8_1
2017-04-08 22:11:05.068:INFO:osjs.Server:main: jetty-9.2.20.v20161216
2017-04-08 22:11:05.111:INFO:osjsh.ContextHandler:main: Started o.s.j.s.ServletContextHandler@39c0f4a{/,null,AVAILABLE}
2017-04-08 22:11:05.201:INFO:osjs.AbstractConnector:main: Started ServerConnector@10bdf5e5{HTTP/1.1,[http/1.1]}{0.0.0.0:4444}
2017-04-08 22:11:05.201:INFO:osjs.Server:main: Started @556ms
22:11:05.201 INFO - Selenium Server is up and running
22:11:05.901 INFO - SessionCleaner initialized with insideBrowserTimeout 0 and clientGoneTimeout 1800000 polling every 180000
22:11:05.932 INFO - Executing: [new session: Capabilities [{acceptSslCerts=true, name=Request A Quote, browserName=chrome, javascriptEnabled=true, platform=ANY}]])
22:11:05.932 INFO - Executing: [new session: Capabilities [{acceptSslCerts=true, name=Request A Quote, browserName=firefox, javascriptEnabled=true, platform=ANY}]])
22:11:05.947 INFO - Creating a new session for Capabilities [{acceptSslCerts=true, name=Request A Quote, browserName=chrome, javascriptEnabled=true, platform=ANY}]
22:11:05.947 INFO - Creating a new session for Capabilities [{acceptSslCerts=true, name=Request A Quote, browserName=firefox, javascriptEnabled=true, platform=ANY}]
1491678666391	geckodriver	INFO	Listening on 127.0.0.1:42742
Starting ChromeDriver 2.29.461591 (62ebf098771772160f391d75e589dc567915b233) on port 11220
Only local connections are allowed.
1491678666985	mozprofile::profile	INFO	Using profile path C:\Users\sarma\AppData\Local\Temp\rust_mozprofile.C03B9mXNnHaz
1491678666985	geckodriver::marionette	INFO	Starting browser C:\Program Files (x86)\Mozilla Firefox\firefox.exe with args []
1491678667001	geckodriver::marionette	INFO	Connecting to Marionette on localhost:49287
22:11:08.398 INFO - Detected dialect: OSS
22:11:08.425 INFO - Done: [new session: Capabilities [{acceptSslCerts=true, name=Request A Quote, browserName=chrome, javascriptEnabled=true, platform=ANY}]]
22:11:08.447 INFO - Executing: [get: http://sidekickc.com/])
1491678669760	Marionette	INFO	Listening on port 49287
22:11:12.393 INFO - Done: [get: http://sidekickc.com/]
22:11:12.405 INFO - Executing: [find elements: By.cssSelector: body])
22:11:12.471 INFO - Done: [find elements: By.cssSelector: body]
22:11:12.488 INFO - Executing: [is displayed: 0 [[ChromeDriver: chrome on WIN8_1 (dfb39ab3b9b5898f21254a13b1bec6a1)] -> css selector: body]])
22:11:12.520 INFO - Done: [is displayed: 0 [[ChromeDriver: chrome on WIN8_1 (dfb39ab3b9b5898f21254a13b1bec6a1)] -> css selector: body]]
22:11:12.530 INFO - Executing: [find element: By.cssSelector: #menu-item-243])
22:11:12.585 INFO - Done: [find element: By.cssSelector: #menu-item-243]
22:11:12.595 INFO - Executing: [is displayed: 1 [[ChromeDriver: chrome on WIN8_1 (dfb39ab3b9b5898f21254a13b1bec6a1)] -> css selector: #menu-item-243]])
22:11:12.655 INFO - Done: [is displayed: 1 [[ChromeDriver: chrome on WIN8_1 (dfb39ab3b9b5898f21254a13b1bec6a1)] -> css selector: #menu-item-243]]
22:11:12.661 INFO - Executing: [find element: By.cssSelector: #menu-item-243])
22:11:12.686 INFO - Done: [find element: By.cssSelector: #menu-item-243]
22:11:12.692 INFO - Executing: [click: 1 [[ChromeDriver: chrome on WIN8_1 (dfb39ab3b9b5898f21254a13b1bec6a1)] -> css selector: #menu-item-243]])
22:11:13.537 WARN - Exception thrown
org.openqa.selenium.WebDriverException: unknown error: Element <li id="menu-item-243" class="menu-item menu-item-main-menu menu-item-prices">...</li> is not clickable at point (342, 143). Other element would receive the click: <header id="header" class="contain-to-grid">...</header>
  (Session info: chrome=57.0.2987.133)
  (Driver info: chromedriver=2.29.461591 (62ebf098771772160f391d75e589dc567915b233),platform=Windows NT 6.3.9600 x86_64) (WARNING: The server did not provide any stacktrace information)
Command duration or timeout: 77 milliseconds
Build info: version: '3.3.1', revision: '5234b32', time: '2017-03-10 09:04:52 -0800'
System info: host: 'HOME', ip: '192.168.65.1', os.name: 'Windows 8.1', os.arch: 'amd64', os.version: '6.3', java.version: '1.8.0_121'
Driver info: org.openqa.selenium.chrome.ChromeDriver
Capabilities [{applicationCacheEnabled=false, rotatable=false, mobileEmulationEnabled=false, networkConnectionEnabled=false, chrome={chromedriverVersion=2.29.461591 (62ebf098771772160f391d75e589dc567915b233), userDataDir=C:\Users\sarma\AppData\Local\Temp\scoped_dir7148_29729}, takesHeapSnapshot=true, pageLoadStrategy=normal, databaseEnabled=false, handlesAlerts=true, hasTouchScreen=false, version=57.0.2987.133, platform=WIN8_1, browserConnectionEnabled=false, nativeEvents=true, acceptSslCerts=true, locationContextEnabled=true, webStorageEnabled=true, browserName=chrome, takesScreenshot=true, javascriptEnabled=true, cssSelectorsEnabled=true, unexpectedAlertBehaviour=}]
Session ID: dfb39ab3b9b5898f21254a13b1bec6a1
	at sun.reflect.NativeConstructorAccessorImpl.newInstance0(Native Method)
	at sun.reflect.NativeConstructorAccessorImpl.newInstance(Unknown Source)
	at sun.reflect.DelegatingConstructorAccessorImpl.newInstance(Unknown Source)
	at java.lang.reflect.Constructor.newInstance(Unknown Source)
	at org.openqa.selenium.remote.ErrorHandler.createThrowable(ErrorHandler.java:216)
	at org.openqa.selenium.remote.ErrorHandler.throwIfResponseFailed(ErrorHandler.java:168)
	at org.openqa.selenium.remote.RemoteWebDriver.execute(RemoteWebDriver.java:638)
	at org.openqa.selenium.remote.RemoteWebElement.execute(RemoteWebElement.java:274)
	at org.openqa.selenium.remote.RemoteWebElement.click(RemoteWebElement.java:84)
	at sun.reflect.NativeMethodAccessorImpl.invoke0(Native Method)
	at sun.reflect.NativeMethodAccessorImpl.invoke(Unknown Source)
	at sun.reflect.DelegatingMethodAccessorImpl.invoke(Unknown Source)
	at java.lang.reflect.Method.invoke(Unknown Source)
	at org.openqa.selenium.support.events.EventFiringWebDriver$EventFiringWebElement$1.invoke(EventFiringWebDriver.java:332)
	at com.sun.proxy.$Proxy5.click(Unknown Source)
	at org.openqa.selenium.support.events.EventFiringWebDriver$EventFiringWebElement.click(EventFiringWebDriver.java:345)
	at sun.reflect.NativeMethodAccessorImpl.invoke0(Native Method)
	at sun.reflect.NativeMethodAccessorImpl.invoke(Unknown Source)
	at sun.reflect.DelegatingMethodAccessorImpl.invoke(Unknown Source)
	at java.lang.reflect.Method.invoke(Unknown Source)
	at org.openqa.selenium.remote.server.KnownElements$1.invoke(KnownElements.java:64)
	at com.sun.proxy.$Proxy6.click(Unknown Source)
	at org.openqa.selenium.remote.server.handler.ClickElement.call(ClickElement.java:30)
	at org.openqa.selenium.remote.server.handler.ClickElement.call(ClickElement.java:22)
	at java.util.concurrent.FutureTask.run(Unknown Source)
	at org.openqa.selenium.remote.server.DefaultSession$1.run(DefaultSession.java:176)
	at java.util.concurrent.ThreadPoolExecutor.runWorker(Unknown Source)
	at java.util.concurrent.ThreadPoolExecutor$Worker.run(Unknown Source)
	at java.lang.Thread.run(Unknown Source)
22:11:13.545 WARN - Exception: unknown error: Element <li id="menu-item-243" class="menu-item menu-item-main-menu menu-item-prices">...</li> is not clickable at point (342, 143). Other element would receive the click: <header id="header" class="contain-to-grid">...</header>
  (Session info: chrome=57.0.2987.133)
  (Driver info: chromedriver=2.29.461591 (62ebf098771772160f391d75e589dc567915b233),platform=Windows NT 6.3.9600 x86_64) (WARNING: The server did not provide any stacktrace information)
Command duration or timeout: 77 milliseconds
Build info: version: '3.3.1', revision: '5234b32', time: '2017-03-10 09:04:52 -0800'
System info: host: 'HOME', ip: '192.168.65.1', os.name: 'Windows 8.1', os.arch: 'amd64', os.version: '6.3', java.version: '1.8.0_121'
Driver info: org.openqa.selenium.chrome.ChromeDriver
Capabilities [{applicationCacheEnabled=false, rotatable=false, mobileEmulationEnabled=false, networkConnectionEnabled=false, chrome={chromedriverVersion=2.29.461591 (62ebf098771772160f391d75e589dc567915b233), userDataDir=C:\Users\sarma\AppData\Local\Temp\scoped_dir7148_29729}, takesHeapSnapshot=true, pageLoadStrategy=normal, databaseEnabled=false, handlesAlerts=true, hasTouchScreen=false, version=57.0.2987.133, platform=WIN8_1, browserConnectionEnabled=false, nativeEvents=true, acceptSslCerts=true, locationContextEnabled=true, webStorageEnabled=true, browserName=chrome, takesScreenshot=true, javascriptEnabled=true, cssSelectorsEnabled=true, unexpectedAlertBehaviour=}]
Session ID: dfb39ab3b9b5898f21254a13b1bec6a1
22:11:13.744 INFO - Executing: [find elements: By.cssSelector: .round])
22:11:13.776 INFO - Done: [find elements: By.cssSelector: .round]
22:11:13.782 INFO - Executing: [is displayed: 2 [[ChromeDriver: chrome on WIN8_1 (dfb39ab3b9b5898f21254a13b1bec6a1)] -> css selector: .round]])
22:11:13.808 INFO - Done: [is displayed: 2 [[ChromeDriver: chrome on WIN8_1 (dfb39ab3b9b5898f21254a13b1bec6a1)] -> css selector: .round]]
22:11:13.816 INFO - Executing: [find element: By.cssSelector: .round])
22:11:13.839 INFO - Done: [find element: By.cssSelector: .round]
22:11:13.844 INFO - Executing: [is displayed: 2 [[ChromeDriver: chrome on WIN8_1 (dfb39ab3b9b5898f21254a13b1bec6a1)] -> css selector: .round]])
22:11:13.854 INFO - Done: [is displayed: 2 [[ChromeDriver: chrome on WIN8_1 (dfb39ab3b9b5898f21254a13b1bec6a1)] -> css selector: .round]]
22:11:13.859 INFO - Executing: [find element: By.cssSelector: .round])
22:11:13.870 INFO - Done: [find element: By.cssSelector: .round]
22:11:13.874 INFO - Executing: [click: 2 [[ChromeDriver: chrome on WIN8_1 (dfb39ab3b9b5898f21254a13b1bec6a1)] -> css selector: .round]])
22:11:15.029 INFO - Detected dialect: W3C
22:11:15.046 INFO - Done: [new session: Capabilities [{acceptSslCerts=true, name=Request A Quote, browserName=firefox, javascriptEnabled=true, platform=ANY}]]
22:11:15.091 INFO - Executing: [get: http://sidekickc.com/])
22:11:17.093 INFO - Done: [get: http://sidekickc.com/]
22:11:17.106 INFO - Executing: [find elements: By.cssSelector: body])
22:11:17.125 INFO - Done: [find elements: By.cssSelector: body]
22:11:17.132 INFO - Executing: [is displayed: 0 [[FirefoxDriver: firefox on ANY (a73e37a6-87bf-4b14-8b84-0d7fe88dce71)] -> css selector: body]])
22:11:17.196 INFO - Done: [is displayed: 0 [[FirefoxDriver: firefox on ANY (a73e37a6-87bf-4b14-8b84-0d7fe88dce71)] -> css selector: body]]
22:11:17.207 INFO - Executing: [find element: By.cssSelector: #menu-item-243])
22:11:17.221 INFO - Done: [find element: By.cssSelector: #menu-item-243]
22:11:17.226 INFO - Executing: [is displayed: 1 [[FirefoxDriver: firefox on ANY (a73e37a6-87bf-4b14-8b84-0d7fe88dce71)] -> css selector: #menu-item-243]])
22:11:17.275 INFO - Done: [is displayed: 1 [[FirefoxDriver: firefox on ANY (a73e37a6-87bf-4b14-8b84-0d7fe88dce71)] -> css selector: #menu-item-243]]
22:11:17.283 INFO - Executing: [find element: By.cssSelector: #menu-item-243])
22:11:17.295 INFO - Done: [find element: By.cssSelector: #menu-item-243]
22:11:17.300 INFO - Executing: [click: 1 [[FirefoxDriver: firefox on ANY (a73e37a6-87bf-4b14-8b84-0d7fe88dce71)] -> css selector: #menu-item-243]])
22:11:17.355 INFO - Done: [click: 1 [[FirefoxDriver: firefox on ANY (a73e37a6-87bf-4b14-8b84-0d7fe88dce71)] -> css selector: #menu-item-243]]
22:11:17.366 INFO - Executing: [find elements: By.cssSelector: .round])
22:11:17.379 INFO - Done: [find elements: By.cssSelector: .round]
22:11:17.384 INFO - Executing: [is displayed: 2 [[FirefoxDriver: firefox on ANY (a73e37a6-87bf-4b14-8b84-0d7fe88dce71)] -> css selector: .round]])
22:11:17.432 INFO - Done: [is displayed: 2 [[FirefoxDriver: firefox on ANY (a73e37a6-87bf-4b14-8b84-0d7fe88dce71)] -> css selector: .round]]
22:11:17.438 INFO - Executing: [find element: By.cssSelector: .round])
22:11:17.501 INFO - Done: [find element: By.cssSelector: .round]
22:11:17.505 INFO - Executing: [is displayed: 2 [[FirefoxDriver: firefox on ANY (a73e37a6-87bf-4b14-8b84-0d7fe88dce71)] -> css selector: .round]])
22:11:17.554 INFO - Done: [is displayed: 2 [[FirefoxDriver: firefox on ANY (a73e37a6-87bf-4b14-8b84-0d7fe88dce71)] -> css selector: .round]]
22:11:17.563 INFO - Executing: [find element: By.cssSelector: .round])
22:11:17.574 INFO - Done: [find element: By.cssSelector: .round]
22:11:17.580 INFO - Executing: [click: 2 [[FirefoxDriver: firefox on ANY (a73e37a6-87bf-4b14-8b84-0d7fe88dce71)] -> css selector: .round]])
22:11:17.617 INFO - Done: [click: 2 [[FirefoxDriver: firefox on ANY (a73e37a6-87bf-4b14-8b84-0d7fe88dce71)] -> css selector: .round]]
22:11:17.622 INFO - Executing: [find elements: By.cssSelector: #gform_submit_button_1])
22:11:17.636 INFO - Done: [find elements: By.cssSelector: #gform_submit_button_1]
22:11:17.949 INFO - Done: [click: 2 [[ChromeDriver: chrome on WIN8_1 (dfb39ab3b9b5898f21254a13b1bec6a1)] -> css selector: .round]]
22:11:17.960 INFO - Executing: [find elements: By.cssSelector: #gform_submit_button_1])
22:11:18.024 INFO - Done: [find elements: By.cssSelector: #gform_submit_button_1]
22:11:18.033 INFO - Executing: [is displayed: 4 [[ChromeDriver: chrome on WIN8_1 (dfb39ab3b9b5898f21254a13b1bec6a1)] -> css selector: #gform_submit_button_1]])
22:11:18.071 INFO - Done: [is displayed: 4 [[ChromeDriver: chrome on WIN8_1 (dfb39ab3b9b5898f21254a13b1bec6a1)] -> css selector: #gform_submit_button_1]]
22:11:18.077 INFO - Executing: [find element: By.cssSelector: #gform_submit_button_1])
22:11:18.109 INFO - Done: [find element: By.cssSelector: #gform_submit_button_1]
22:11:18.113 INFO - Executing: [is displayed: 4 [[ChromeDriver: chrome on WIN8_1 (dfb39ab3b9b5898f21254a13b1bec6a1)] -> css selector: #gform_submit_button_1]])
22:11:18.127 INFO - Done: [is displayed: 4 [[ChromeDriver: chrome on WIN8_1 (dfb39ab3b9b5898f21254a13b1bec6a1)] -> css selector: #gform_submit_button_1]]
22:11:18.134 INFO - Executing: [find element: By.cssSelector: #gform_submit_button_1])
22:11:18.143 INFO - Executing: [find elements: By.cssSelector: #gform_submit_button_1])
22:11:18.148 INFO - Done: [find element: By.cssSelector: #gform_submit_button_1]
22:11:18.153 INFO - Executing: [click: 4 [[ChromeDriver: chrome on WIN8_1 (dfb39ab3b9b5898f21254a13b1bec6a1)] -> css selector: #gform_submit_button_1]])
22:11:18.252 INFO - Done: [find elements: By.cssSelector: #gform_submit_button_1]
22:11:18.256 INFO - Executing: [is displayed: 4 [[FirefoxDriver: firefox on ANY (a73e37a6-87bf-4b14-8b84-0d7fe88dce71)] -> css selector: #gform_submit_button_1]])
22:11:18.337 INFO - Done: [is displayed: 4 [[FirefoxDriver: firefox on ANY (a73e37a6-87bf-4b14-8b84-0d7fe88dce71)] -> css selector: #gform_submit_button_1]]
22:11:18.343 INFO - Executing: [find element: By.cssSelector: #gform_submit_button_1])
22:11:18.354 INFO - Done: [find element: By.cssSelector: #gform_submit_button_1]
22:11:18.358 INFO - Executing: [is displayed: 4 [[FirefoxDriver: firefox on ANY (a73e37a6-87bf-4b14-8b84-0d7fe88dce71)] -> css selector: #gform_submit_button_1]])
22:11:18.421 INFO - Done: [is displayed: 4 [[FirefoxDriver: firefox on ANY (a73e37a6-87bf-4b14-8b84-0d7fe88dce71)] -> css selector: #gform_submit_button_1]]
22:11:18.429 INFO - Executing: [find element: By.cssSelector: #gform_submit_button_1])
22:11:18.502 INFO - Done: [find element: By.cssSelector: #gform_submit_button_1]
22:11:18.509 INFO - Executing: [click: 4 [[FirefoxDriver: firefox on ANY (a73e37a6-87bf-4b14-8b84-0d7fe88dce71)] -> css selector: #gform_submit_button_1]])
22:11:18.734 INFO - Done: [click: 4 [[FirefoxDriver: firefox on ANY (a73e37a6-87bf-4b14-8b84-0d7fe88dce71)] -> css selector: #gform_submit_button_1]]
22:11:18.745 INFO - Executing: [find elements: By.cssSelector: .validation_error])
22:11:18.823 INFO - Done: [find elements: By.cssSelector: .validation_error]
22:11:19.333 INFO - Executing: [find elements: By.cssSelector: .validation_error])
22:11:19.356 INFO - Done: [find elements: By.cssSelector: .validation_error]
22:11:19.462 INFO - Done: [click: 4 [[ChromeDriver: chrome on WIN8_1 (dfb39ab3b9b5898f21254a13b1bec6a1)] -> css selector: #gform_submit_button_1]]
22:11:19.467 INFO - Executing: [find elements: By.cssSelector: .validation_error])
22:11:19.500 INFO - Done: [find elements: By.cssSelector: .validation_error]
22:11:19.507 INFO - Executing: [is displayed: 5 [[ChromeDriver: chrome on WIN8_1 (dfb39ab3b9b5898f21254a13b1bec6a1)] -> css selector: .validation_error]])
22:11:19.542 INFO - Done: [is displayed: 5 [[ChromeDriver: chrome on WIN8_1 (dfb39ab3b9b5898f21254a13b1bec6a1)] -> css selector: .validation_error]]
22:11:19.548 INFO - Executing: [find element: By.cssSelector: .validation_error])
22:11:19.581 INFO - Done: [find element: By.cssSelector: .validation_error]
22:11:19.585 INFO - Executing: [is displayed: 5 [[ChromeDriver: chrome on WIN8_1 (dfb39ab3b9b5898f21254a13b1bec6a1)] -> css selector: .validation_error]])
22:11:19.613 INFO - Done: [is displayed: 5 [[ChromeDriver: chrome on WIN8_1 (dfb39ab3b9b5898f21254a13b1bec6a1)] -> css selector: .validation_error]]
22:11:19.622 INFO - Executing: [delete session: a57d9eec-9bd9-4c90-a3d9-09ec1853556d])
22:11:19.862 INFO - Executing: [find elements: By.cssSelector: .validation_error])
22:11:19.917 INFO - Done: [find elements: By.cssSelector: .validation_error]
22:11:19.922 INFO - Executing: [is displayed: 5 [[FirefoxDriver: firefox on ANY (a73e37a6-87bf-4b14-8b84-0d7fe88dce71)] -> css selector: .validation_error]])
22:11:20.027 INFO - Done: [is displayed: 5 [[FirefoxDriver: firefox on ANY (a73e37a6-87bf-4b14-8b84-0d7fe88dce71)] -> css selector: .validation_error]]
22:11:20.032 INFO - Executing: [find element: By.cssSelector: .validation_error])
22:11:20.122 INFO - Done: [find element: By.cssSelector: .validation_error]
22:11:20.127 INFO - Executing: [is displayed: 5 [[FirefoxDriver: firefox on ANY (a73e37a6-87bf-4b14-8b84-0d7fe88dce71)] -> css selector: .validation_error]])
22:11:20.180 INFO - Done: [is displayed: 5 [[FirefoxDriver: firefox on ANY (a73e37a6-87bf-4b14-8b84-0d7fe88dce71)] -> css selector: .validation_error]]
22:11:20.186 INFO - Executing: [delete session: 708b7faa-b738-4273-b9c8-06bdd9ccc2c0])
1491678680191	Marionette	INFO	New connections will no longer be accepted
[Child 3192] ###!!! ABORT: Aborting on channel error.: file c:/builds/moz2_slave/m-rel-w32-00000000000000000000/build/src/ipc/glue/MessageChannel.cpp, line 2143
22:11:20.696 INFO - Done: [delete session: a57d9eec-9bd9-4c90-a3d9-09ec1853556d]
22:11:20.696 INFO - Done: [delete session: 708b7faa-b738-4273-b9c8-06bdd9ccc2c0]
